Copyright 1986-2017 Xilinx, Inc. All Rights Reserved.
------------------------------------------------------------------------------------
| Tool Version : Vivado v.2017.4 (win64) Build 2086221 Fri Dec 15 20:55:39 MST 2017
| Date         : Fri Nov  6 08:49:41 2020
| Host         : LAPTOP-D025KD3I running 64-bit major release  (build 9200)
| Command      : report_control_sets -verbose -file xlfsq2_control_sets_placed.rpt
| Design       : xlfsq2
| Device       : xc7a35t
------------------------------------------------------------------------------------

Control Set Information

Table of Contents
-----------------
1. Summary
2. Flip-Flop Distribution
3. Detailed Control Set Information

1. Summary
----------

+----------------------------------------------------------+-------+
|                          Status                          | Count |
+----------------------------------------------------------+-------+
| Number of unique control sets                            |     3 |
| Unused register locations in slices containing registers |     9 |
+----------------------------------------------------------+-------+


2. Flip-Flop Distribution
-------------------------

+--------------+-----------------------+------------------------+-----------------+--------------+
| Clock Enable | Synchronous Set/Reset | Asynchronous Set/Reset | Total Registers | Total Slices |
+--------------+-----------------------+------------------------+-----------------+--------------+
| No           | No                    | No                     |               8 |            2 |
| No           | No                    | Yes                    |               0 |            0 |
| No           | Yes                   | No                     |              31 |            8 |
| Yes          | No                    | No                     |               0 |            0 |
| Yes          | No                    | Yes                    |               0 |            0 |
| Yes          | Yes                   | No                     |               0 |            0 |
+--------------+-----------------------+------------------------+-----------------+--------------+


3. Detailed Control Set Information
-----------------------------------

+-----------------+---------------+------------------+------------------+----------------+
|   Clock Signal  | Enable Signal | Set/Reset Signal | Slice Load Count | Bel Load Count |
+-----------------+---------------+------------------+------------------+----------------+
|  clk_IBUF_BUFG  |               |                  |                1 |              2 |
|  divclk_reg_n_0 |               |                  |                1 |              6 |
|  clk_IBUF_BUFG  |               | divclk           |                8 |             31 |
+-----------------+---------------+------------------+------------------+----------------+


+--------+-----------------------+
| Fanout | Number of ControlSets |
+--------+-----------------------+
| 2      |                     1 |
| 6      |                     1 |
| 16+    |                     1 |
+--------+-----------------------+


