Vivado Simulator 2017.4
Time resolution is 1 ps
PC:         0 INSTRUCTION:  537919489
WriteData:          1 WriteReg: 16
PC:         4 INSTRUCTION:  537985059
WriteData:         35 WriteReg: 17
PC:         8 INSTRUCTION:  538050629
WriteData:         69 WriteReg: 18
PC:        12 INSTRUCTION:  538116199
WriteData:        103 WriteReg: 19
PC:        16 INSTRUCTION:  538181769
WriteData:        137 WriteReg: 20
PC:        20 INSTRUCTION:   36743202
WriteData:         34 WriteReg: 21
PC:        24 INSTRUCTION:   36745248
WriteData:         36 WriteReg: 22
PC:        28 INSTRUCTION:   41072672
WriteData:        172 WriteReg: 23
PC:        32 INSTRUCTION:    1327136
WriteData:        137 WriteReg:  8
PC:        36 INSTRUCTION:   43335712
WriteData:        171 WriteReg:  8
PC:        40 INSTRUCTION: 2382954496
WriteData:          X WriteReg:  9
PC:        44 INSTRUCTION:  134217740
PC:        48 INSTRUCTION:  536870912
PC:        52 INSTRUCTION:          x
PC:        56 INSTRUCTION:          x
PC:        60 INSTRUCTION:          x
PC:        64 INSTRUCTION:          x
PC:        68 INSTRUCTION:          x
PC:        72 INSTRUCTION:          x
PC:        76 INSTRUCTION:          x
PC:        80 INSTRUCTION:          x
PC:        84 INSTRUCTION:          x
PC:        88 INSTRUCTION:          x
PC:        92 INSTRUCTION:          x
PC:        96 INSTRUCTION:          x
