Copyright 1986-2017 Xilinx, Inc. All Rights Reserved.
----------------------------------------------------------------------------------------------------------------------------------------
| Tool Version     : Vivado v.2017.4 (win64) Build 2086221 Fri Dec 15 20:55:39 MST 2017
| Date             : Mon Nov 30 11:49:42 2020
| Host             : LAPTOP-D025KD3I running 64-bit major release  (build 9200)
| Command          : report_power -file ToFPGA_power_routed.rpt -pb ToFPGA_power_summary_routed.pb -rpx ToFPGA_power_routed.rpx
| Design           : ToFPGA
| Device           : xc7a35tcpg236-1
| Design State     : routed
| Grade            : commercial
| Process          : typical
| Characterization : Production
----------------------------------------------------------------------------------------------------------------------------------------

Power Report

Table of Contents
-----------------
1. Summary
1.1 On-Chip Components
1.2 Power Supply Summary
1.3 Confidence Level
2. Settings
2.1 Environment
2.2 Clock Constraints
3. Detailed Reports
3.1 By Hierarchy

1. Summary
----------

+--------------------------+----------------------------------+
| Total On-Chip Power (W)  | 60.151 (Junction temp exceeded!) |
| Design Power Budget (W)  | Unspecified*                     |
| Power Budget Margin (W)  | NA                               |
| Dynamic (W)              | 59.664                           |
| Device Static (W)        | 0.486                            |
| Effective TJA (C/W)      | 5.0                              |
| Max Ambient (C)          | 0.0                              |
| Junction Temperature (C) | 125.0                            |
| Confidence Level         | Low                              |
| Setting File             | ---                              |
| Simulation Activity File | ---                              |
| Design Nets Matched      | NA                               |
+--------------------------+----------------------------------+
* Specify Design Power Budget using, set_operating_conditions -design_power_budget <value in Watts>


1.1 On-Chip Components
----------------------

+--------------------------+-----------+----------+-----------+-----------------+
| On-Chip                  | Power (W) | Used     | Available | Utilization (%) |
+--------------------------+-----------+----------+-----------+-----------------+
| Slice Logic              |    13.651 |     8623 |       --- |             --- |
|   LUT as Logic           |    13.266 |     3888 |     20800 |           18.69 |
|   LUT as Distributed RAM |     0.169 |       48 |      9600 |            0.50 |
|   CARRY4                 |     0.090 |       24 |      8150 |            0.29 |
|   F7/F8 Muxes            |     0.065 |     1671 |     32600 |            5.13 |
|   Register               |     0.037 |     2242 |     41600 |            5.39 |
|   BUFG                   |     0.024 |        4 |        32 |           12.50 |
|   Others                 |     0.000 |       22 |       --- |             --- |
| Signals                  |    16.827 |     4252 |       --- |             --- |
| I/O                      |    29.187 |       31 |       106 |           29.25 |
| Static Power             |     0.486 |          |           |                 |
| Total                    |    60.150 |          |           |                 |
+--------------------------+-----------+----------+-----------+-----------------+


1.2 Power Supply Summary
------------------------

+-----------+-------------+-----------+-------------+------------+
| Source    | Voltage (V) | Total (A) | Dynamic (A) | Static (A) |
+-----------+-------------+-----------+-------------+------------+
| Vccint    |       1.000 |    30.826 |      30.485 |      0.341 |
| Vccaux    |       1.800 |     1.123 |       1.069 |      0.053 |
| Vcco33    |       3.300 |     8.260 |       8.259 |      0.001 |
| Vcco25    |       2.500 |     0.000 |       0.000 |      0.000 |
| Vcco18    |       1.800 |     0.000 |       0.000 |      0.000 |
| Vcco15    |       1.500 |     0.000 |       0.000 |      0.000 |
| Vcco135   |       1.350 |     0.000 |       0.000 |      0.000 |
| Vcco12    |       1.200 |     0.000 |       0.000 |      0.000 |
| Vccaux_io |       1.800 |     0.000 |       0.000 |      0.000 |
| Vccbram   |       1.000 |     0.010 |       0.000 |      0.010 |
| MGTAVcc   |       1.000 |     0.000 |       0.000 |      0.000 |
| MGTAVtt   |       1.200 |     0.000 |       0.000 |      0.000 |
| Vccadc    |       1.800 |     0.020 |       0.000 |      0.020 |
+-----------+-------------+-----------+-------------+------------+


1.3 Confidence Level
--------------------

+-----------------------------+------------+--------------------------------------------------------+--------------------------------------------------------------------------------------------------------------------+
| User Input Data             | Confidence | Details                                                | Action                                                                                                             |
+-----------------------------+------------+--------------------------------------------------------+--------------------------------------------------------------------------------------------------------------------+
| Design implementation state | High       | Design is routed                                       |                                                                                                                    |
| Clock nodes activity        | Low        | User specified less than 75% of clocks                 | Provide missing clock activity with a constraint file, simulation results or by editing the "By Clock Domain" view |
| I/O nodes activity          | Low        | More than 75% of inputs are missing user specification | Provide missing input activity with simulation results or by editing the "By Resource Type -> I/Os" view           |
| Internal nodes activity     | Medium     | User specified less than 25% of internal nodes         | Provide missing internal nodes activity with simulation results or by editing the "By Resource Type" views         |
| Device models               | High       | Device models are Production                           |                                                                                                                    |
|                             |            |                                                        |                                                                                                                    |
| Overall confidence level    | Low        |                                                        |                                                                                                                    |
+-----------------------------+------------+--------------------------------------------------------+--------------------------------------------------------------------------------------------------------------------+


2. Settings
-----------

2.1 Environment
---------------

+-----------------------+--------------------------+
| Ambient Temp (C)      | 25.0                     |
| ThetaJA (C/W)         | 5.0                      |
| Airflow (LFM)         | 250                      |
| Heat Sink             | medium (Medium Profile)  |
| ThetaSA (C/W)         | 4.6                      |
| Board Selection       | medium (10"x10")         |
| # of Board Layers     | 12to15 (12 to 15 Layers) |
| Board Temperature (C) | 25.0                     |
+-----------------------+--------------------------+


2.2 Clock Constraints
---------------------

+-------+--------+-----------------+
| Clock | Domain | Constraint (ns) |
+-------+--------+-----------------+


3. Detailed Reports
-------------------

3.1 By Hierarchy
----------------

+-----------------------------------+-----------+
| Name                              | Power (W) |
+-----------------------------------+-----------+
| ToFPGA                            |    59.664 |
|   CPU_test                        |    29.959 |
|     ALU_test                      |    12.246 |
|     CPUControl_test               |     0.081 |
|       Branch_reg                  |     0.014 |
|       MemRead_reg                 |     0.026 |
|     DataMamory_test               |     4.223 |
|     NextAddress_test              |     0.024 |
|     PC_test                       |    12.130 |
|     Registers_test                |     0.842 |
|       Registers_reg_r1_0_31_0_5   |     0.039 |
|       Registers_reg_r1_0_31_12_17 |     0.049 |
|       Registers_reg_r1_0_31_18_23 |     0.047 |
|       Registers_reg_r1_0_31_24_29 |     0.053 |
|       Registers_reg_r1_0_31_30_31 |     0.015 |
|       Registers_reg_r1_0_31_6_11  |     0.052 |
|       Registers_reg_r2_0_31_0_5   |     0.037 |
|       Registers_reg_r2_0_31_12_17 |     0.034 |
|       Registers_reg_r2_0_31_18_23 |     0.035 |
|       Registers_reg_r2_0_31_24_29 |     0.037 |
|       Registers_reg_r2_0_31_30_31 |     0.013 |
|       Registers_reg_r2_0_31_6_11  |     0.035 |
|   light                           |     0.245 |
+-----------------------------------+-----------+


