
*** Running vivado
    with args -log ToFPGA.vds -m64 -product Vivado -mode batch -messageDb vivado.pb -notrace -source ToFPGA.tcl


****** Vivado v2017.4 (64-bit)
  **** SW Build 2086221 on Fri Dec 15 20:55:39 MST 2017
  **** IP Build 2085800 on Fri Dec 15 22:25:07 MST 2017
    ** Copyright 1986-2017 Xilinx, Inc. All Rights Reserved.

source ToFPGA.tcl -notrace
Command: synth_design -top ToFPGA -part xc7a35tcpg236-1
Starting synth_design
Attempting to get a license for feature 'Synthesis' and/or device 'xc7a35t'
INFO: [Common 17-349] Got license for feature 'Synthesis' and/or device 'xc7a35t'
INFO: Launching helper process for spawning children vivado processes
INFO: Helper process launched with PID 21236 
---------------------------------------------------------------------------------
Starting RTL Elaboration : Time (s): cpu = 00:00:25 ; elapsed = 00:00:31 . Memory (MB): peak = 344.387 ; gain = 100.922
---------------------------------------------------------------------------------
INFO: [Synth 8-638] synthesizing module 'ToFPGA' [C:/Users/17727/Desktop/VivadoArea/MultiCycleCPU/MultiCycleCPU.srcs/sources_1/new/ToFPGA.v:9]
INFO: [Synth 8-638] synthesizing module 'CPU' [C:/Users/17727/Desktop/VivadoArea/MultiCycleCPU/MultiCycleCPU.srcs/sources_1/new/CPU.v:8]
INFO: [Synth 8-638] synthesizing module 'IF' [C:/Users/17727/Desktop/VivadoArea/MultiCycleCPU/MultiCycleCPU.srcs/sources_1/new/IF.v:7]
INFO: [Synth 8-638] synthesizing module 'Mux4' [C:/Users/17727/Desktop/VivadoArea/MultiCycleCPU/MultiCycleCPU.srcs/sources_1/new/Mux4.v:8]
INFO: [Synth 8-256] done synthesizing module 'Mux4' (1#1) [C:/Users/17727/Desktop/VivadoArea/MultiCycleCPU/MultiCycleCPU.srcs/sources_1/new/Mux4.v:8]
INFO: [Synth 8-638] synthesizing module 'Mux6' [C:/Users/17727/Desktop/VivadoArea/MultiCycleCPU/MultiCycleCPU.srcs/sources_1/new/Mux6.v:8]
INFO: [Synth 8-256] done synthesizing module 'Mux6' (2#1) [C:/Users/17727/Desktop/VivadoArea/MultiCycleCPU/MultiCycleCPU.srcs/sources_1/new/Mux6.v:8]
INFO: [Synth 8-638] synthesizing module 'PC' [C:/Users/17727/Desktop/VivadoArea/MultiCycleCPU/MultiCycleCPU.srcs/sources_1/new/PC.v:7]
INFO: [Synth 8-256] done synthesizing module 'PC' (3#1) [C:/Users/17727/Desktop/VivadoArea/MultiCycleCPU/MultiCycleCPU.srcs/sources_1/new/PC.v:7]
INFO: [Synth 8-638] synthesizing module 'InstructionMemory' [C:/Users/17727/Desktop/VivadoArea/MultiCycleCPU/MultiCycleCPU.srcs/sources_1/new/InstructionMemory.v:7]
INFO: [Synth 8-3876] $readmem data file 'C:/Users/17727/Desktop/m3.txt' is read successfully [C:/Users/17727/Desktop/VivadoArea/MultiCycleCPU/MultiCycleCPU.srcs/sources_1/new/InstructionMemory.v:16]
INFO: [Synth 8-256] done synthesizing module 'InstructionMemory' (4#1) [C:/Users/17727/Desktop/VivadoArea/MultiCycleCPU/MultiCycleCPU.srcs/sources_1/new/InstructionMemory.v:7]
INFO: [Synth 8-638] synthesizing module 'Add1' [C:/Users/17727/Desktop/VivadoArea/MultiCycleCPU/MultiCycleCPU.srcs/sources_1/new/Add1.v:8]
INFO: [Synth 8-256] done synthesizing module 'Add1' (5#1) [C:/Users/17727/Desktop/VivadoArea/MultiCycleCPU/MultiCycleCPU.srcs/sources_1/new/Add1.v:8]
INFO: [Synth 8-256] done synthesizing module 'IF' (6#1) [C:/Users/17727/Desktop/VivadoArea/MultiCycleCPU/MultiCycleCPU.srcs/sources_1/new/IF.v:7]
INFO: [Synth 8-638] synthesizing module 'RegIFID' [C:/Users/17727/Desktop/VivadoArea/MultiCycleCPU/MultiCycleCPU.srcs/sources_1/new/RegIFID.v:8]
INFO: [Synth 8-256] done synthesizing module 'RegIFID' (7#1) [C:/Users/17727/Desktop/VivadoArea/MultiCycleCPU/MultiCycleCPU.srcs/sources_1/new/RegIFID.v:8]
INFO: [Synth 8-638] synthesizing module 'ID' [C:/Users/17727/Desktop/VivadoArea/MultiCycleCPU/MultiCycleCPU.srcs/sources_1/new/ID.v:11]
INFO: [Synth 8-638] synthesizing module 'Registers' [C:/Users/17727/Desktop/VivadoArea/MultiCycleCPU/MultiCycleCPU.srcs/sources_1/new/Registers.v:6]
INFO: [Synth 8-256] done synthesizing module 'Registers' (8#1) [C:/Users/17727/Desktop/VivadoArea/MultiCycleCPU/MultiCycleCPU.srcs/sources_1/new/Registers.v:6]
INFO: [Synth 8-638] synthesizing module 'SignExtend' [C:/Users/17727/Desktop/VivadoArea/MultiCycleCPU/MultiCycleCPU.srcs/sources_1/new/SignExtend.v:6]
INFO: [Synth 8-256] done synthesizing module 'SignExtend' (9#1) [C:/Users/17727/Desktop/VivadoArea/MultiCycleCPU/MultiCycleCPU.srcs/sources_1/new/SignExtend.v:6]
INFO: [Synth 8-638] synthesizing module 'Control' [C:/Users/17727/Desktop/VivadoArea/MultiCycleCPU/MultiCycleCPU.srcs/sources_1/new/Control.v:9]
INFO: [Synth 8-256] done synthesizing module 'Control' (10#1) [C:/Users/17727/Desktop/VivadoArea/MultiCycleCPU/MultiCycleCPU.srcs/sources_1/new/Control.v:9]
INFO: [Synth 8-638] synthesizing module 'JumpUnit' [C:/Users/17727/Desktop/VivadoArea/MultiCycleCPU/MultiCycleCPU.srcs/sources_1/new/JumpUnit.v:8]
INFO: [Synth 8-256] done synthesizing module 'JumpUnit' (11#1) [C:/Users/17727/Desktop/VivadoArea/MultiCycleCPU/MultiCycleCPU.srcs/sources_1/new/JumpUnit.v:8]
INFO: [Synth 8-256] done synthesizing module 'ID' (12#1) [C:/Users/17727/Desktop/VivadoArea/MultiCycleCPU/MultiCycleCPU.srcs/sources_1/new/ID.v:11]
INFO: [Synth 8-638] synthesizing module 'RegIDEX' [C:/Users/17727/Desktop/VivadoArea/MultiCycleCPU/MultiCycleCPU.srcs/sources_1/new/RegIDEX.v:8]
INFO: [Synth 8-256] done synthesizing module 'RegIDEX' (13#1) [C:/Users/17727/Desktop/VivadoArea/MultiCycleCPU/MultiCycleCPU.srcs/sources_1/new/RegIDEX.v:8]
INFO: [Synth 8-638] synthesizing module 'EX' [C:/Users/17727/Desktop/VivadoArea/MultiCycleCPU/MultiCycleCPU.srcs/sources_1/new/EX.v:23]
INFO: [Synth 8-638] synthesizing module 'Add2' [C:/Users/17727/Desktop/VivadoArea/MultiCycleCPU/MultiCycleCPU.srcs/sources_1/new/Add2.v:8]
INFO: [Synth 8-256] done synthesizing module 'Add2' (14#1) [C:/Users/17727/Desktop/VivadoArea/MultiCycleCPU/MultiCycleCPU.srcs/sources_1/new/Add2.v:8]
INFO: [Synth 8-638] synthesizing module 'Mux5' [C:/Users/17727/Desktop/VivadoArea/MultiCycleCPU/MultiCycleCPU.srcs/sources_1/new/Mux5.v:8]
INFO: [Synth 8-256] done synthesizing module 'Mux5' (15#1) [C:/Users/17727/Desktop/VivadoArea/MultiCycleCPU/MultiCycleCPU.srcs/sources_1/new/Mux5.v:8]
INFO: [Synth 8-638] synthesizing module 'Mux2' [C:/Users/17727/Desktop/VivadoArea/MultiCycleCPU/MultiCycleCPU.srcs/sources_1/new/Mux2.v:7]
INFO: [Synth 8-256] done synthesizing module 'Mux2' (16#1) [C:/Users/17727/Desktop/VivadoArea/MultiCycleCPU/MultiCycleCPU.srcs/sources_1/new/Mux2.v:7]
INFO: [Synth 8-638] synthesizing module 'Mux1' [C:/Users/17727/Desktop/VivadoArea/MultiCycleCPU/MultiCycleCPU.srcs/sources_1/new/Mux1.v:8]
INFO: [Synth 8-256] done synthesizing module 'Mux1' (17#1) [C:/Users/17727/Desktop/VivadoArea/MultiCycleCPU/MultiCycleCPU.srcs/sources_1/new/Mux1.v:8]
INFO: [Synth 8-638] synthesizing module 'ALUControl' [C:/Users/17727/Desktop/VivadoArea/MultiCycleCPU/MultiCycleCPU.srcs/sources_1/new/ALUControl.v:7]
WARNING: [Synth 8-567] referenced signal 'Op' should be on the sensitivity list [C:/Users/17727/Desktop/VivadoArea/MultiCycleCPU/MultiCycleCPU.srcs/sources_1/new/ALUControl.v:13]
WARNING: [Synth 8-567] referenced signal 'Funct' should be on the sensitivity list [C:/Users/17727/Desktop/VivadoArea/MultiCycleCPU/MultiCycleCPU.srcs/sources_1/new/ALUControl.v:13]
INFO: [Synth 8-256] done synthesizing module 'ALUControl' (18#1) [C:/Users/17727/Desktop/VivadoArea/MultiCycleCPU/MultiCycleCPU.srcs/sources_1/new/ALUControl.v:7]
INFO: [Synth 8-638] synthesizing module 'ALU' [C:/Users/17727/Desktop/VivadoArea/MultiCycleCPU/MultiCycleCPU.srcs/sources_1/new/ALU.v:11]
INFO: [Synth 8-155] case statement is not full and has no default [C:/Users/17727/Desktop/VivadoArea/MultiCycleCPU/MultiCycleCPU.srcs/sources_1/new/ALU.v:20]
INFO: [Synth 8-256] done synthesizing module 'ALU' (19#1) [C:/Users/17727/Desktop/VivadoArea/MultiCycleCPU/MultiCycleCPU.srcs/sources_1/new/ALU.v:11]
INFO: [Synth 8-256] done synthesizing module 'EX' (20#1) [C:/Users/17727/Desktop/VivadoArea/MultiCycleCPU/MultiCycleCPU.srcs/sources_1/new/EX.v:23]
INFO: [Synth 8-638] synthesizing module 'RegEXMEM' [C:/Users/17727/Desktop/VivadoArea/MultiCycleCPU/MultiCycleCPU.srcs/sources_1/new/RegEXMEM.v:8]
INFO: [Synth 8-256] done synthesizing module 'RegEXMEM' (21#1) [C:/Users/17727/Desktop/VivadoArea/MultiCycleCPU/MultiCycleCPU.srcs/sources_1/new/RegEXMEM.v:8]
INFO: [Synth 8-638] synthesizing module 'MEM' [C:/Users/17727/Desktop/VivadoArea/MultiCycleCPU/MultiCycleCPU.srcs/sources_1/new/MEM.v:7]
INFO: [Synth 8-638] synthesizing module 'DataMemory' [C:/Users/17727/Desktop/VivadoArea/MultiCycleCPU/MultiCycleCPU.srcs/sources_1/new/DataMemory.v:7]
WARNING: [Synth 8-4767] Trying to implement RAM 'Memory_reg' in registers. Block RAM or DRAM implementation is not possible; see log for reasons.
Reason is one or more of the following :
	1: RAM has multiple writes via different ports in same process. If RAM inferencing intended, write to one port per process. 
	2: Unable to determine number of words or word size in RAM. 
	3: No valid read/write found for RAM. 
RAM "Memory_reg" dissolved into registers
INFO: [Synth 8-256] done synthesizing module 'DataMemory' (22#1) [C:/Users/17727/Desktop/VivadoArea/MultiCycleCPU/MultiCycleCPU.srcs/sources_1/new/DataMemory.v:7]
INFO: [Synth 8-638] synthesizing module 'SetPCSrc' [C:/Users/17727/Desktop/VivadoArea/MultiCycleCPU/MultiCycleCPU.srcs/sources_1/new/SetPCSrc.v:8]
INFO: [Synth 8-256] done synthesizing module 'SetPCSrc' (23#1) [C:/Users/17727/Desktop/VivadoArea/MultiCycleCPU/MultiCycleCPU.srcs/sources_1/new/SetPCSrc.v:8]
INFO: [Synth 8-256] done synthesizing module 'MEM' (24#1) [C:/Users/17727/Desktop/VivadoArea/MultiCycleCPU/MultiCycleCPU.srcs/sources_1/new/MEM.v:7]
INFO: [Synth 8-638] synthesizing module 'RegMEMWB' [C:/Users/17727/Desktop/VivadoArea/MultiCycleCPU/MultiCycleCPU.srcs/sources_1/new/RegMEMWB.v:8]
INFO: [Synth 8-256] done synthesizing module 'RegMEMWB' (25#1) [C:/Users/17727/Desktop/VivadoArea/MultiCycleCPU/MultiCycleCPU.srcs/sources_1/new/RegMEMWB.v:8]
INFO: [Synth 8-638] synthesizing module 'WB' [C:/Users/17727/Desktop/VivadoArea/MultiCycleCPU/MultiCycleCPU.srcs/sources_1/new/WB.v:8]
INFO: [Synth 8-638] synthesizing module 'Mux3' [C:/Users/17727/Desktop/VivadoArea/MultiCycleCPU/MultiCycleCPU.srcs/sources_1/new/Mux3.v:8]
INFO: [Synth 8-256] done synthesizing module 'Mux3' (26#1) [C:/Users/17727/Desktop/VivadoArea/MultiCycleCPU/MultiCycleCPU.srcs/sources_1/new/Mux3.v:8]
INFO: [Synth 8-256] done synthesizing module 'WB' (27#1) [C:/Users/17727/Desktop/VivadoArea/MultiCycleCPU/MultiCycleCPU.srcs/sources_1/new/WB.v:8]
INFO: [Synth 8-256] done synthesizing module 'CPU' (28#1) [C:/Users/17727/Desktop/VivadoArea/MultiCycleCPU/MultiCycleCPU.srcs/sources_1/new/CPU.v:8]
INFO: [Synth 8-638] synthesizing module 'Light' [C:/Users/17727/Desktop/VivadoArea/MultiCycleCPU/MultiCycleCPU.srcs/sources_1/new/Light.v:3]
	Parameter s0 bound to: 7'b0000001 
	Parameter s1 bound to: 7'b1001111 
	Parameter s2 bound to: 7'b0010010 
	Parameter s3 bound to: 7'b0000110 
	Parameter s4 bound to: 7'b1001100 
	Parameter s5 bound to: 7'b0100100 
	Parameter s6 bound to: 7'b0100000 
	Parameter s7 bound to: 7'b0001111 
	Parameter s8 bound to: 7'b0000000 
	Parameter s9 bound to: 7'b0000100 
	Parameter sa bound to: 7'b0001000 
	Parameter sb bound to: 7'b1100000 
	Parameter sc bound to: 7'b0110001 
	Parameter sd bound to: 7'b1000010 
	Parameter se bound to: 7'b0110000 
	Parameter sf bound to: 7'b0111000 
INFO: [Synth 8-226] default block is never used [C:/Users/17727/Desktop/VivadoArea/MultiCycleCPU/MultiCycleCPU.srcs/sources_1/new/Light.v:45]
INFO: [Synth 8-226] default block is never used [C:/Users/17727/Desktop/VivadoArea/MultiCycleCPU/MultiCycleCPU.srcs/sources_1/new/Light.v:68]
INFO: [Synth 8-226] default block is never used [C:/Users/17727/Desktop/VivadoArea/MultiCycleCPU/MultiCycleCPU.srcs/sources_1/new/Light.v:91]
INFO: [Synth 8-226] default block is never used [C:/Users/17727/Desktop/VivadoArea/MultiCycleCPU/MultiCycleCPU.srcs/sources_1/new/Light.v:114]
INFO: [Synth 8-256] done synthesizing module 'Light' (29#1) [C:/Users/17727/Desktop/VivadoArea/MultiCycleCPU/MultiCycleCPU.srcs/sources_1/new/Light.v:3]
INFO: [Synth 8-256] done synthesizing module 'ToFPGA' (30#1) [C:/Users/17727/Desktop/VivadoArea/MultiCycleCPU/MultiCycleCPU.srcs/sources_1/new/ToFPGA.v:9]
WARNING: [Synth 8-3331] design MEM has unconnected port JumpFromEXMEM
WARNING: [Synth 8-3331] design MEM has unconnected port MemToRegFromEXMEM
WARNING: [Synth 8-3331] design MEM has unconnected port RegWriteFromEXMEM
WARNING: [Synth 8-3331] design MEM has unconnected port ResultFromAdd2FromEXMEM[31]
WARNING: [Synth 8-3331] design MEM has unconnected port ResultFromAdd2FromEXMEM[30]
WARNING: [Synth 8-3331] design MEM has unconnected port ResultFromAdd2FromEXMEM[29]
WARNING: [Synth 8-3331] design MEM has unconnected port ResultFromAdd2FromEXMEM[28]
WARNING: [Synth 8-3331] design MEM has unconnected port ResultFromAdd2FromEXMEM[27]
WARNING: [Synth 8-3331] design MEM has unconnected port ResultFromAdd2FromEXMEM[26]
WARNING: [Synth 8-3331] design MEM has unconnected port ResultFromAdd2FromEXMEM[25]
WARNING: [Synth 8-3331] design MEM has unconnected port ResultFromAdd2FromEXMEM[24]
WARNING: [Synth 8-3331] design MEM has unconnected port ResultFromAdd2FromEXMEM[23]
WARNING: [Synth 8-3331] design MEM has unconnected port ResultFromAdd2FromEXMEM[22]
WARNING: [Synth 8-3331] design MEM has unconnected port ResultFromAdd2FromEXMEM[21]
WARNING: [Synth 8-3331] design MEM has unconnected port ResultFromAdd2FromEXMEM[20]
WARNING: [Synth 8-3331] design MEM has unconnected port ResultFromAdd2FromEXMEM[19]
WARNING: [Synth 8-3331] design MEM has unconnected port ResultFromAdd2FromEXMEM[18]
WARNING: [Synth 8-3331] design MEM has unconnected port ResultFromAdd2FromEXMEM[17]
WARNING: [Synth 8-3331] design MEM has unconnected port ResultFromAdd2FromEXMEM[16]
WARNING: [Synth 8-3331] design MEM has unconnected port ResultFromAdd2FromEXMEM[15]
WARNING: [Synth 8-3331] design MEM has unconnected port ResultFromAdd2FromEXMEM[14]
WARNING: [Synth 8-3331] design MEM has unconnected port ResultFromAdd2FromEXMEM[13]
WARNING: [Synth 8-3331] design MEM has unconnected port ResultFromAdd2FromEXMEM[12]
WARNING: [Synth 8-3331] design MEM has unconnected port ResultFromAdd2FromEXMEM[11]
WARNING: [Synth 8-3331] design MEM has unconnected port ResultFromAdd2FromEXMEM[10]
WARNING: [Synth 8-3331] design MEM has unconnected port ResultFromAdd2FromEXMEM[9]
WARNING: [Synth 8-3331] design MEM has unconnected port ResultFromAdd2FromEXMEM[8]
WARNING: [Synth 8-3331] design MEM has unconnected port ResultFromAdd2FromEXMEM[7]
WARNING: [Synth 8-3331] design MEM has unconnected port ResultFromAdd2FromEXMEM[6]
WARNING: [Synth 8-3331] design MEM has unconnected port ResultFromAdd2FromEXMEM[5]
WARNING: [Synth 8-3331] design MEM has unconnected port ResultFromAdd2FromEXMEM[4]
WARNING: [Synth 8-3331] design MEM has unconnected port ResultFromAdd2FromEXMEM[3]
WARNING: [Synth 8-3331] design MEM has unconnected port ResultFromAdd2FromEXMEM[2]
WARNING: [Synth 8-3331] design MEM has unconnected port ResultFromAdd2FromEXMEM[1]
WARNING: [Synth 8-3331] design MEM has unconnected port ResultFromAdd2FromEXMEM[0]
WARNING: [Synth 8-3331] design MEM has unconnected port ResultFromMux1FromEXMEM[4]
WARNING: [Synth 8-3331] design MEM has unconnected port ResultFromMux1FromEXMEM[3]
WARNING: [Synth 8-3331] design MEM has unconnected port ResultFromMux1FromEXMEM[2]
WARNING: [Synth 8-3331] design MEM has unconnected port ResultFromMux1FromEXMEM[1]
WARNING: [Synth 8-3331] design MEM has unconnected port ResultFromMux1FromEXMEM[0]
WARNING: [Synth 8-3331] design ALUControl has unconnected port InstructionFromIDEX[25]
WARNING: [Synth 8-3331] design ALUControl has unconnected port InstructionFromIDEX[24]
WARNING: [Synth 8-3331] design ALUControl has unconnected port InstructionFromIDEX[23]
WARNING: [Synth 8-3331] design ALUControl has unconnected port InstructionFromIDEX[22]
WARNING: [Synth 8-3331] design ALUControl has unconnected port InstructionFromIDEX[21]
WARNING: [Synth 8-3331] design ALUControl has unconnected port InstructionFromIDEX[20]
WARNING: [Synth 8-3331] design ALUControl has unconnected port InstructionFromIDEX[19]
WARNING: [Synth 8-3331] design ALUControl has unconnected port InstructionFromIDEX[18]
WARNING: [Synth 8-3331] design ALUControl has unconnected port InstructionFromIDEX[17]
WARNING: [Synth 8-3331] design ALUControl has unconnected port InstructionFromIDEX[16]
WARNING: [Synth 8-3331] design ALUControl has unconnected port InstructionFromIDEX[15]
WARNING: [Synth 8-3331] design ALUControl has unconnected port InstructionFromIDEX[14]
WARNING: [Synth 8-3331] design ALUControl has unconnected port InstructionFromIDEX[13]
WARNING: [Synth 8-3331] design ALUControl has unconnected port InstructionFromIDEX[12]
WARNING: [Synth 8-3331] design ALUControl has unconnected port InstructionFromIDEX[11]
WARNING: [Synth 8-3331] design ALUControl has unconnected port InstructionFromIDEX[10]
WARNING: [Synth 8-3331] design ALUControl has unconnected port InstructionFromIDEX[9]
WARNING: [Synth 8-3331] design ALUControl has unconnected port InstructionFromIDEX[8]
WARNING: [Synth 8-3331] design ALUControl has unconnected port InstructionFromIDEX[7]
WARNING: [Synth 8-3331] design ALUControl has unconnected port InstructionFromIDEX[6]
WARNING: [Synth 8-3331] design Mux1 has unconnected port InstructionFromIDEX[31]
WARNING: [Synth 8-3331] design Mux1 has unconnected port InstructionFromIDEX[30]
WARNING: [Synth 8-3331] design Mux1 has unconnected port InstructionFromIDEX[29]
WARNING: [Synth 8-3331] design Mux1 has unconnected port InstructionFromIDEX[28]
WARNING: [Synth 8-3331] design Mux1 has unconnected port InstructionFromIDEX[27]
WARNING: [Synth 8-3331] design Mux1 has unconnected port InstructionFromIDEX[26]
WARNING: [Synth 8-3331] design Mux1 has unconnected port InstructionFromIDEX[25]
WARNING: [Synth 8-3331] design Mux1 has unconnected port InstructionFromIDEX[24]
WARNING: [Synth 8-3331] design Mux1 has unconnected port InstructionFromIDEX[23]
WARNING: [Synth 8-3331] design Mux1 has unconnected port InstructionFromIDEX[22]
WARNING: [Synth 8-3331] design Mux1 has unconnected port InstructionFromIDEX[21]
WARNING: [Synth 8-3331] design Mux1 has unconnected port InstructionFromIDEX[10]
WARNING: [Synth 8-3331] design Mux1 has unconnected port InstructionFromIDEX[9]
WARNING: [Synth 8-3331] design Mux1 has unconnected port InstructionFromIDEX[8]
WARNING: [Synth 8-3331] design Mux1 has unconnected port InstructionFromIDEX[7]
WARNING: [Synth 8-3331] design Mux1 has unconnected port InstructionFromIDEX[6]
WARNING: [Synth 8-3331] design Mux1 has unconnected port InstructionFromIDEX[5]
WARNING: [Synth 8-3331] design Mux1 has unconnected port InstructionFromIDEX[4]
WARNING: [Synth 8-3331] design Mux1 has unconnected port InstructionFromIDEX[3]
WARNING: [Synth 8-3331] design Mux1 has unconnected port InstructionFromIDEX[2]
WARNING: [Synth 8-3331] design Mux1 has unconnected port InstructionFromIDEX[1]
WARNING: [Synth 8-3331] design Mux1 has unconnected port InstructionFromIDEX[0]
WARNING: [Synth 8-3331] design Mux5 has unconnected port InstructionFromIDEX[31]
WARNING: [Synth 8-3331] design Mux5 has unconnected port InstructionFromIDEX[30]
WARNING: [Synth 8-3331] design Mux5 has unconnected port InstructionFromIDEX[29]
WARNING: [Synth 8-3331] design Mux5 has unconnected port InstructionFromIDEX[28]
WARNING: [Synth 8-3331] design Mux5 has unconnected port InstructionFromIDEX[27]
WARNING: [Synth 8-3331] design Mux5 has unconnected port InstructionFromIDEX[26]
WARNING: [Synth 8-3331] design Mux5 has unconnected port InstructionFromIDEX[25]
WARNING: [Synth 8-3331] design Mux5 has unconnected port InstructionFromIDEX[24]
WARNING: [Synth 8-3331] design Mux5 has unconnected port InstructionFromIDEX[23]
WARNING: [Synth 8-3331] design Mux5 has unconnected port InstructionFromIDEX[22]
WARNING: [Synth 8-3331] design Mux5 has unconnected port InstructionFromIDEX[21]
WARNING: [Synth 8-3331] design Mux5 has unconnected port InstructionFromIDEX[20]
WARNING: [Synth 8-3331] design Mux5 has unconnected port InstructionFromIDEX[19]
WARNING: [Synth 8-3331] design Mux5 has unconnected port InstructionFromIDEX[18]
WARNING: [Synth 8-3331] design Mux5 has unconnected port InstructionFromIDEX[17]
WARNING: [Synth 8-3331] design Mux5 has unconnected port InstructionFromIDEX[16]
WARNING: [Synth 8-3331] design Mux5 has unconnected port InstructionFromIDEX[15]
WARNING: [Synth 8-3331] design Mux5 has unconnected port InstructionFromIDEX[14]
INFO: [Common 17-14] Message 'Synth 8-3331' appears 100 times and further instances of the messages will be disabled. Use the Tcl command set_msg_config to change the current settings.
---------------------------------------------------------------------------------
Finished RTL Elaboration : Time (s): cpu = 00:00:30 ; elapsed = 00:00:38 . Memory (MB): peak = 402.609 ; gain = 159.145
---------------------------------------------------------------------------------

Report Check Netlist: 
+------+------------------+-------+---------+-------+------------------+
|      |Item              |Errors |Warnings |Status |Description       |
+------+------------------+-------+---------+-------+------------------+
|1     |multi_driven_nets |      0|        0|Passed |Multi driven nets |
+------+------------------+-------+---------+-------+------------------+
---------------------------------------------------------------------------------
Finished RTL Optimization Phase 1 : Time (s): cpu = 00:00:32 ; elapsed = 00:00:41 . Memory (MB): peak = 402.609 ; gain = 159.145
---------------------------------------------------------------------------------
INFO: [Device 21-403] Loading part xc7a35tcpg236-1
INFO: [Project 1-570] Preparing netlist for logic optimization

Processing XDC Constraints
Initializing timing engine
Parsing XDC File [C:/Users/17727/Desktop/VivadoArea/MultiCycleCPU/MultiCycleCPU.srcs/constrs_1/new/XDC.xdc]
WARNING: [Vivado 12-4777] Setting CLOCK_DEDICATED_ROUTE constraint on the PARENT net instead of the specified net segment (net name: clk). Placer only honors CLOCK_DEDICATED_ROUTE when set on the PARENT net, e.g. net segment directly connected to the driver. To eliminate this message, please update your constraint to specify the PARENT net instead. [C:/Users/17727/Desktop/VivadoArea/MultiCycleCPU/MultiCycleCPU.srcs/constrs_1/new/XDC.xdc:3]
CRITICAL WARNING: [Designutils 20-970] Unrecognized or unsupported command 'create_clock -add -name sys_clk_pin -period 10.00 -waveform {0 5}[get_ports rclk]' found in constraint file. [C:/Users/17727/Desktop/VivadoArea/MultiCycleCPU/MultiCycleCPU.srcs/constrs_1/new/XDC.xdc:35]
Finished Parsing XDC File [C:/Users/17727/Desktop/VivadoArea/MultiCycleCPU/MultiCycleCPU.srcs/constrs_1/new/XDC.xdc]
INFO: [Project 1-236] Implementation specific constraints were found while reading constraint file [C:/Users/17727/Desktop/VivadoArea/MultiCycleCPU/MultiCycleCPU.srcs/constrs_1/new/XDC.xdc]. These constraints will be ignored for synthesis but will be used in implementation. Impacted constraints are listed in the file [.Xil/ToFPGA_propImpl.xdc].
Resolution: To avoid this warning, move constraints listed in [.Xil/ToFPGA_propImpl.xdc] to another XDC file and exclude this new file from synthesis with the used_in_synthesis property (File Properties dialog in GUI) and re-run elaboration/synthesis.
Completed Processing XDC Constraints

INFO: [Project 1-111] Unisim Transformation Summary:
No Unisim elements were transformed.

Constraint Validation Runtime : Time (s): cpu = 00:00:00 ; elapsed = 00:00:00.028 . Memory (MB): peak = 740.008 ; gain = 0.000
---------------------------------------------------------------------------------
Finished Constraint Validation : Time (s): cpu = 00:01:26 ; elapsed = 00:01:53 . Memory (MB): peak = 740.008 ; gain = 496.543
---------------------------------------------------------------------------------
---------------------------------------------------------------------------------
Start Loading Part and Timing Information
---------------------------------------------------------------------------------
Loading part: xc7a35tcpg236-1
---------------------------------------------------------------------------------
Finished Loading Part and Timing Information : Time (s): cpu = 00:01:26 ; elapsed = 00:01:53 . Memory (MB): peak = 740.008 ; gain = 496.543
---------------------------------------------------------------------------------
---------------------------------------------------------------------------------
Start Applying 'set_property' XDC Constraints
---------------------------------------------------------------------------------
---------------------------------------------------------------------------------
Finished applying 'set_property' XDC Constraints : Time (s): cpu = 00:01:26 ; elapsed = 00:01:53 . Memory (MB): peak = 740.008 ; gain = 496.543
---------------------------------------------------------------------------------
INFO: [Synth 8-5546] ROM "Memory" won't be mapped to RAM because it is too sparse
INFO: [Synth 8-5546] ROM "Memory" won't be mapped to RAM because it is too sparse
INFO: [Synth 8-5546] ROM "Memory" won't be mapped to RAM because it is too sparse
INFO: [Synth 8-5546] ROM "Memory" won't be mapped to RAM because it is too sparse
INFO: [Synth 8-5546] ROM "RegDst" won't be mapped to RAM because it is too sparse
INFO: [Synth 8-5546] ROM "RegDst" won't be mapped to RAM because it is too sparse
INFO: [Synth 8-5546] ROM "RegDst" won't be mapped to RAM because it is too sparse
INFO: [Synth 8-5546] ROM "Jump" won't be mapped to RAM because it is too sparse
INFO: [Synth 8-5546] ROM "Branch" won't be mapped to RAM because it is too sparse
INFO: [Synth 8-5546] ROM "MemRead" won't be mapped to RAM because it is too sparse
INFO: [Synth 8-5818] HDL ADVISOR - The operator resource <adder> is shared. To prevent sharing consider applying a KEEP on the output of the operator [C:/Users/17727/Desktop/VivadoArea/MultiCycleCPU/MultiCycleCPU.srcs/sources_1/new/ALU.v:20]
INFO: [Synth 8-5545] ROM "Zero" won't be mapped to RAM because address size (32) is larger than maximum supported(25)
INFO: [Synth 8-5544] ROM "ALUResult" won't be mapped to Block RAM because address size (4) smaller than threshold (5)
INFO: [Synth 8-5545] ROM "divclk_cnt" won't be mapped to RAM because address size (32) is larger than maximum supported(25)
INFO: [Synth 8-5545] ROM "changeclk" won't be mapped to RAM because address size (32) is larger than maximum supported(25)
WARNING: [Synth 8-327] inferring latch for variable 'RegDst_reg' [C:/Users/17727/Desktop/VivadoArea/MultiCycleCPU/MultiCycleCPU.srcs/sources_1/new/Control.v:35]
WARNING: [Synth 8-327] inferring latch for variable 'Jump_reg' [C:/Users/17727/Desktop/VivadoArea/MultiCycleCPU/MultiCycleCPU.srcs/sources_1/new/Control.v:36]
WARNING: [Synth 8-327] inferring latch for variable 'Branch_reg' [C:/Users/17727/Desktop/VivadoArea/MultiCycleCPU/MultiCycleCPU.srcs/sources_1/new/Control.v:37]
WARNING: [Synth 8-327] inferring latch for variable 'MemRead_reg' [C:/Users/17727/Desktop/VivadoArea/MultiCycleCPU/MultiCycleCPU.srcs/sources_1/new/Control.v:38]
WARNING: [Synth 8-327] inferring latch for variable 'MemWrite_reg' [C:/Users/17727/Desktop/VivadoArea/MultiCycleCPU/MultiCycleCPU.srcs/sources_1/new/Control.v:40]
WARNING: [Synth 8-327] inferring latch for variable 'ALUSrc1_reg' [C:/Users/17727/Desktop/VivadoArea/MultiCycleCPU/MultiCycleCPU.srcs/sources_1/new/Control.v:41]
WARNING: [Synth 8-327] inferring latch for variable 'ALUSrc2_reg' [C:/Users/17727/Desktop/VivadoArea/MultiCycleCPU/MultiCycleCPU.srcs/sources_1/new/Control.v:42]
WARNING: [Synth 8-327] inferring latch for variable 'RegWrite_reg' [C:/Users/17727/Desktop/VivadoArea/MultiCycleCPU/MultiCycleCPU.srcs/sources_1/new/Control.v:43]
WARNING: [Synth 8-327] inferring latch for variable 'ALUResult_reg' [C:/Users/17727/Desktop/VivadoArea/MultiCycleCPU/MultiCycleCPU.srcs/sources_1/new/ALU.v:21]
WARNING: [Synth 8-327] inferring latch for variable 'ReadData_reg' [C:/Users/17727/Desktop/VivadoArea/MultiCycleCPU/MultiCycleCPU.srcs/sources_1/new/DataMemory.v:38]
---------------------------------------------------------------------------------
Finished RTL Optimization Phase 2 : Time (s): cpu = 00:01:32 ; elapsed = 00:02:01 . Memory (MB): peak = 740.008 ; gain = 496.543
---------------------------------------------------------------------------------

Report RTL Partitions: 
+-+--------------+------------+----------+
| |RTL Partition |Replication |Instances |
+-+--------------+------------+----------+
+-+--------------+------------+----------+
---------------------------------------------------------------------------------
Start RTL Component Statistics 
---------------------------------------------------------------------------------
Detailed RTL Component Info : 
+---Adders : 
	   2 Input     32 Bit       Adders := 3     
	   3 Input     32 Bit       Adders := 1     
	   2 Input      7 Bit       Adders := 3     
	   2 Input      2 Bit       Adders := 1     
+---XORs : 
	   2 Input     32 Bit         XORs := 1     
+---Registers : 
	               32 Bit    Registers := 14    
	                8 Bit    Registers := 65    
	                7 Bit    Registers := 1     
	                5 Bit    Registers := 2     
	                4 Bit    Registers := 1     
	                2 Bit    Registers := 1     
	                1 Bit    Registers := 18    
+---RAMs : 
	             1024 Bit         RAMs := 1     
+---Muxes : 
	   2 Input     32 Bit        Muxes := 8     
	   7 Input     32 Bit        Muxes := 1     
	   6 Input     32 Bit        Muxes := 1     
	 121 Input      8 Bit        Muxes := 4     
	   4 Input      8 Bit        Muxes := 37    
	   2 Input      8 Bit        Muxes := 62    
	  19 Input      7 Bit        Muxes := 1     
	   2 Input      5 Bit        Muxes := 1     
	   5 Input      4 Bit        Muxes := 1     
	   2 Input      4 Bit        Muxes := 1     
	   3 Input      4 Bit        Muxes := 1     
	   4 Input      4 Bit        Muxes := 1     
	   7 Input      3 Bit        Muxes := 1     
	   2 Input      2 Bit        Muxes := 1     
	   4 Input      2 Bit        Muxes := 5     
	   2 Input      1 Bit        Muxes := 77    
	   4 Input      1 Bit        Muxes := 18    
	   3 Input      1 Bit        Muxes := 1     
	   7 Input      1 Bit        Muxes := 1     
	   5 Input      1 Bit        Muxes := 49    
---------------------------------------------------------------------------------
Finished RTL Component Statistics 
---------------------------------------------------------------------------------
---------------------------------------------------------------------------------
Start RTL Hierarchical Component Statistics 
---------------------------------------------------------------------------------
Hierarchical RTL Component report 
Module Mux4 
Detailed RTL Component Info : 
+---Muxes : 
	   2 Input     32 Bit        Muxes := 1     
Module Mux6 
Detailed RTL Component Info : 
+---Muxes : 
	   2 Input     32 Bit        Muxes := 1     
Module PC 
Detailed RTL Component Info : 
+---Registers : 
	               32 Bit    Registers := 1     
Module InstructionMemory 
Detailed RTL Component Info : 
+---Adders : 
	   2 Input      7 Bit       Adders := 3     
+---Muxes : 
	 121 Input      8 Bit        Muxes := 4     
Module Add1 
Detailed RTL Component Info : 
+---Adders : 
	   2 Input     32 Bit       Adders := 1     
Module RegIFID 
Detailed RTL Component Info : 
+---Registers : 
	               32 Bit    Registers := 2     
Module Registers 
Detailed RTL Component Info : 
+---RAMs : 
	             1024 Bit         RAMs := 1     
+---Muxes : 
	   2 Input     32 Bit        Muxes := 2     
Module Control 
Detailed RTL Component Info : 
+---Muxes : 
	   2 Input      1 Bit        Muxes := 15    
	   4 Input      1 Bit        Muxes := 2     
	   3 Input      1 Bit        Muxes := 1     
Module RegIDEX 
Detailed RTL Component Info : 
+---Registers : 
	               32 Bit    Registers := 5     
	                1 Bit    Registers := 9     
Module Add2 
Detailed RTL Component Info : 
+---Adders : 
	   2 Input     32 Bit       Adders := 1     
Module Mux5 
Detailed RTL Component Info : 
+---Muxes : 
	   2 Input     32 Bit        Muxes := 1     
Module Mux2 
Detailed RTL Component Info : 
+---Muxes : 
	   2 Input     32 Bit        Muxes := 1     
Module Mux1 
Detailed RTL Component Info : 
+---Muxes : 
	   2 Input      5 Bit        Muxes := 1     
Module ALUControl 
Detailed RTL Component Info : 
+---Muxes : 
	   5 Input      4 Bit        Muxes := 1     
	   2 Input      4 Bit        Muxes := 1     
	   3 Input      4 Bit        Muxes := 1     
Module ALU 
Detailed RTL Component Info : 
+---Adders : 
	   3 Input     32 Bit       Adders := 1     
+---XORs : 
	   2 Input     32 Bit         XORs := 1     
+---Muxes : 
	   7 Input     32 Bit        Muxes := 1     
	   6 Input     32 Bit        Muxes := 1     
	   7 Input      3 Bit        Muxes := 1     
	   2 Input      2 Bit        Muxes := 1     
	   7 Input      1 Bit        Muxes := 1     
Module RegEXMEM 
Detailed RTL Component Info : 
+---Registers : 
	               32 Bit    Registers := 3     
	                5 Bit    Registers := 1     
	                1 Bit    Registers := 7     
Module DataMemory 
Detailed RTL Component Info : 
+---Registers : 
	                8 Bit    Registers := 65    
+---Muxes : 
	   4 Input      8 Bit        Muxes := 37    
	   2 Input      8 Bit        Muxes := 62    
	   4 Input      2 Bit        Muxes := 5     
	   5 Input      1 Bit        Muxes := 49    
	   2 Input      1 Bit        Muxes := 61    
	   4 Input      1 Bit        Muxes := 16    
Module RegMEMWB 
Detailed RTL Component Info : 
+---Registers : 
	               32 Bit    Registers := 2     
	                5 Bit    Registers := 1     
	                1 Bit    Registers := 2     
Module Mux3 
Detailed RTL Component Info : 
+---Muxes : 
	   2 Input     32 Bit        Muxes := 1     
Module Light 
Detailed RTL Component Info : 
+---Adders : 
	   2 Input     32 Bit       Adders := 1     
	   2 Input      2 Bit       Adders := 1     
+---Registers : 
	               32 Bit    Registers := 1     
	                7 Bit    Registers := 1     
	                4 Bit    Registers := 1     
	                2 Bit    Registers := 1     
+---Muxes : 
	   2 Input     32 Bit        Muxes := 1     
	  19 Input      7 Bit        Muxes := 1     
	   4 Input      4 Bit        Muxes := 1     
	   2 Input      1 Bit        Muxes := 1     
---------------------------------------------------------------------------------
Finished RTL Hierarchical Component Statistics
---------------------------------------------------------------------------------
---------------------------------------------------------------------------------
Start Part Resource Summary
---------------------------------------------------------------------------------
Part Resources:
DSPs: 90 (col length:60)
BRAMs: 100 (col length: RAMB18 60 RAMB36 30)
---------------------------------------------------------------------------------
Finished Part Resource Summary
---------------------------------------------------------------------------------
---------------------------------------------------------------------------------
Start Cross Boundary and Area Optimization
---------------------------------------------------------------------------------
INFO: [Synth 8-5546] ROM "p_0_out" won't be mapped to RAM because it is too sparse
INFO: [Synth 8-5546] ROM "p_0_out" won't be mapped to RAM because it is too sparse
INFO: [Synth 8-5546] ROM "p_0_out" won't be mapped to RAM because it is too sparse
INFO: [Synth 8-5546] ROM "p_0_out" won't be mapped to RAM because it is too sparse
WARNING: [Synth 8-6014] Unused sequential element cpu/Reg3/JumpFromEXMEM_reg was removed.  [C:/Users/17727/Desktop/VivadoArea/MultiCycleCPU/MultiCycleCPU.srcs/sources_1/new/RegEXMEM.v:68]
INFO: [Synth 8-5545] ROM "cpu/EX_/alu/Zero" won't be mapped to RAM because address size (32) is larger than maximum supported(25)
INFO: [Synth 8-5545] ROM "light/divclk_cnt" won't be mapped to RAM because address size (32) is larger than maximum supported(25)
INFO: [Synth 8-5545] ROM "light/changeclk" won't be mapped to RAM because address size (32) is larger than maximum supported(25)
WARNING: [Synth 8-3917] design ToFPGA has port dp driven by constant 1
INFO: [Synth 8-3886] merging instance 'cpu/Reg2/StoreInstruction_reg[15]' (FD_1) to 'cpu/Reg2/StoreExtendedData_reg[15]'
INFO: [Synth 8-3886] merging instance 'cpu/Reg2/StoreInstruction_reg[14]' (FD_1) to 'cpu/Reg2/StoreExtendedData_reg[14]'
INFO: [Synth 8-3886] merging instance 'cpu/Reg2/StoreInstruction_reg[13]' (FD_1) to 'cpu/Reg2/StoreExtendedData_reg[13]'
INFO: [Synth 8-3886] merging instance 'cpu/Reg2/StoreInstruction_reg[11]' (FD_1) to 'cpu/Reg2/StoreExtendedData_reg[11]'
INFO: [Synth 8-3886] merging instance 'cpu/Reg2/StoreInstruction_reg[12]' (FD_1) to 'cpu/Reg2/StoreExtendedData_reg[12]'
INFO: [Synth 8-3886] merging instance 'cpu/Reg2/InstructionFromIDEX_reg[15]' (FD) to 'cpu/Reg2/ExtendedDataFromIDEX_reg[15]'
INFO: [Synth 8-3886] merging instance 'cpu/Reg2/InstructionFromIDEX_reg[14]' (FD) to 'cpu/Reg2/ExtendedDataFromIDEX_reg[14]'
INFO: [Synth 8-3886] merging instance 'cpu/Reg2/InstructionFromIDEX_reg[13]' (FD) to 'cpu/Reg2/ExtendedDataFromIDEX_reg[13]'
INFO: [Synth 8-3886] merging instance 'cpu/Reg2/InstructionFromIDEX_reg[11]' (FD) to 'cpu/Reg2/ExtendedDataFromIDEX_reg[11]'
INFO: [Synth 8-3886] merging instance 'cpu/Reg2/InstructionFromIDEX_reg[12]' (FD) to 'cpu/Reg2/ExtendedDataFromIDEX_reg[12]'
INFO: [Synth 8-3333] propagating constant 0 across sequential element (\cpu/ID_/control/ALUSrc1_reg )
INFO: [Synth 8-3886] merging instance 'cpu/Reg2/StoreMemRead_reg' (FD_1) to 'cpu/Reg2/StoreMemToReg_reg'
INFO: [Synth 8-3886] merging instance 'cpu/Reg2/StoreInstruction_reg[7]' (FD_1) to 'cpu/Reg2/StoreExtendedData_reg[7]'
INFO: [Synth 8-3886] merging instance 'cpu/Reg2/StoreInstruction_reg[8]' (FD_1) to 'cpu/Reg2/StoreExtendedData_reg[8]'
INFO: [Synth 8-3886] merging instance 'cpu/Reg2/StoreInstruction_reg[9]' (FD_1) to 'cpu/Reg2/StoreExtendedData_reg[9]'
INFO: [Synth 8-3886] merging instance 'cpu/Reg2/StoreExtendedData_reg[6]' (FD_1) to 'cpu/Reg2/StoreInstruction_reg[6]'
INFO: [Synth 8-3886] merging instance 'cpu/Reg2/StoreExtendedData_reg[10]' (FD_1) to 'cpu/Reg2/StoreInstruction_reg[10]'
INFO: [Synth 8-3886] merging instance 'cpu/Reg2/StoreExtendedData_reg[15]' (FD_1) to 'cpu/Reg2/StoreExtendedData_reg[16]'
INFO: [Synth 8-3886] merging instance 'cpu/Reg2/StoreExtendedData_reg[16]' (FD_1) to 'cpu/Reg2/StoreExtendedData_reg[17]'
INFO: [Synth 8-3886] merging instance 'cpu/Reg2/StoreExtendedData_reg[17]' (FD_1) to 'cpu/Reg2/StoreExtendedData_reg[18]'
INFO: [Synth 8-3886] merging instance 'cpu/Reg2/StoreExtendedData_reg[18]' (FD_1) to 'cpu/Reg2/StoreExtendedData_reg[19]'
INFO: [Synth 8-3886] merging instance 'cpu/Reg2/StoreExtendedData_reg[19]' (FD_1) to 'cpu/Reg2/StoreExtendedData_reg[20]'
INFO: [Synth 8-3886] merging instance 'cpu/Reg2/StoreExtendedData_reg[20]' (FD_1) to 'cpu/Reg2/StoreExtendedData_reg[21]'
INFO: [Synth 8-3886] merging instance 'cpu/Reg2/StoreExtendedData_reg[21]' (FD_1) to 'cpu/Reg2/StoreExtendedData_reg[22]'
INFO: [Synth 8-3886] merging instance 'cpu/Reg2/StoreExtendedData_reg[22]' (FD_1) to 'cpu/Reg2/StoreExtendedData_reg[23]'
INFO: [Synth 8-3886] merging instance 'cpu/Reg2/StoreExtendedData_reg[23]' (FD_1) to 'cpu/Reg2/StoreExtendedData_reg[24]'
INFO: [Synth 8-3886] merging instance 'cpu/Reg2/StoreExtendedData_reg[24]' (FD_1) to 'cpu/Reg2/StoreExtendedData_reg[25]'
INFO: [Synth 8-3886] merging instance 'cpu/Reg2/StoreExtendedData_reg[25]' (FD_1) to 'cpu/Reg2/StoreExtendedData_reg[26]'
INFO: [Synth 8-3886] merging instance 'cpu/Reg2/StoreExtendedData_reg[26]' (FD_1) to 'cpu/Reg2/StoreExtendedData_reg[27]'
INFO: [Synth 8-3886] merging instance 'cpu/Reg2/StoreExtendedData_reg[27]' (FD_1) to 'cpu/Reg2/StoreExtendedData_reg[28]'
INFO: [Synth 8-3886] merging instance 'cpu/Reg2/StoreExtendedData_reg[28]' (FD_1) to 'cpu/Reg2/StoreExtendedData_reg[29]'
INFO: [Synth 8-3886] merging instance 'cpu/Reg2/StoreExtendedData_reg[29]' (FD_1) to 'cpu/Reg2/StoreExtendedData_reg[30]'
INFO: [Synth 8-3886] merging instance 'cpu/Reg2/StoreExtendedData_reg[30]' (FD_1) to 'cpu/Reg2/StoreExtendedData_reg[31]'
INFO: [Synth 8-3886] merging instance 'cpu/Reg2/StoreInstruction_reg[4]' (FD_1) to 'cpu/Reg2/StoreExtendedData_reg[4]'
INFO: [Synth 8-3886] merging instance 'cpu/Reg2/StoreInstruction_reg[0]' (FD_1) to 'cpu/Reg2/StoreExtendedData_reg[0]'
INFO: [Synth 8-3886] merging instance 'cpu/Reg2/StoreInstruction_reg[3]' (FD_1) to 'cpu/Reg2/StoreExtendedData_reg[3]'
INFO: [Synth 8-3886] merging instance 'cpu/Reg2/StoreInstruction_reg[2]' (FD_1) to 'cpu/Reg2/StoreExtendedData_reg[2]'
INFO: [Synth 8-3886] merging instance 'cpu/Reg2/StoreInstruction_reg[1]' (FD_1) to 'cpu/Reg2/StoreExtendedData_reg[1]'
INFO: [Synth 8-3886] merging instance 'cpu/Reg2/StoreInstruction_reg[5]' (FD_1) to 'cpu/Reg2/StoreExtendedData_reg[5]'
INFO: [Synth 8-3886] merging instance 'cpu/Reg2/MemReadFromIDEX_reg' (FD) to 'cpu/Reg2/MemToRegFromIDEX_reg'
INFO: [Synth 8-3886] merging instance 'cpu/Reg2/InstructionFromIDEX_reg[7]' (FD) to 'cpu/Reg2/ExtendedDataFromIDEX_reg[7]'
INFO: [Synth 8-3886] merging instance 'cpu/Reg2/InstructionFromIDEX_reg[8]' (FD) to 'cpu/Reg2/ExtendedDataFromIDEX_reg[8]'
INFO: [Synth 8-3886] merging instance 'cpu/Reg2/InstructionFromIDEX_reg[9]' (FD) to 'cpu/Reg2/ExtendedDataFromIDEX_reg[9]'
INFO: [Synth 8-3886] merging instance 'cpu/Reg2/ExtendedDataFromIDEX_reg[6]' (FD) to 'cpu/Reg2/InstructionFromIDEX_reg[6]'
INFO: [Synth 8-3886] merging instance 'cpu/Reg2/ExtendedDataFromIDEX_reg[10]' (FD) to 'cpu/Reg2/InstructionFromIDEX_reg[10]'
INFO: [Synth 8-3886] merging instance 'cpu/Reg2/ExtendedDataFromIDEX_reg[15]' (FD) to 'cpu/Reg2/ExtendedDataFromIDEX_reg[30]'
INFO: [Synth 8-3886] merging instance 'cpu/Reg2/ExtendedDataFromIDEX_reg[16]' (FD) to 'cpu/Reg2/ExtendedDataFromIDEX_reg[30]'
INFO: [Synth 8-3886] merging instance 'cpu/Reg2/ExtendedDataFromIDEX_reg[17]' (FD) to 'cpu/Reg2/ExtendedDataFromIDEX_reg[30]'
INFO: [Synth 8-3886] merging instance 'cpu/Reg2/ExtendedDataFromIDEX_reg[18]' (FD) to 'cpu/Reg2/ExtendedDataFromIDEX_reg[30]'
INFO: [Synth 8-3886] merging instance 'cpu/Reg2/ExtendedDataFromIDEX_reg[19]' (FD) to 'cpu/Reg2/ExtendedDataFromIDEX_reg[30]'
INFO: [Synth 8-3886] merging instance 'cpu/Reg2/ExtendedDataFromIDEX_reg[20]' (FD) to 'cpu/Reg2/ExtendedDataFromIDEX_reg[30]'
INFO: [Synth 8-3886] merging instance 'cpu/Reg2/ExtendedDataFromIDEX_reg[21]' (FD) to 'cpu/Reg2/ExtendedDataFromIDEX_reg[30]'
INFO: [Synth 8-3886] merging instance 'cpu/Reg2/ExtendedDataFromIDEX_reg[22]' (FD) to 'cpu/Reg2/ExtendedDataFromIDEX_reg[30]'
INFO: [Synth 8-3886] merging instance 'cpu/Reg2/ExtendedDataFromIDEX_reg[23]' (FD) to 'cpu/Reg2/ExtendedDataFromIDEX_reg[30]'
INFO: [Synth 8-3886] merging instance 'cpu/Reg2/ExtendedDataFromIDEX_reg[24]' (FD) to 'cpu/Reg2/ExtendedDataFromIDEX_reg[30]'
INFO: [Synth 8-3886] merging instance 'cpu/Reg2/ExtendedDataFromIDEX_reg[25]' (FD) to 'cpu/Reg2/ExtendedDataFromIDEX_reg[30]'
INFO: [Synth 8-3886] merging instance 'cpu/Reg2/ExtendedDataFromIDEX_reg[26]' (FD) to 'cpu/Reg2/ExtendedDataFromIDEX_reg[30]'
INFO: [Synth 8-3886] merging instance 'cpu/Reg2/ExtendedDataFromIDEX_reg[27]' (FD) to 'cpu/Reg2/ExtendedDataFromIDEX_reg[30]'
INFO: [Synth 8-3886] merging instance 'cpu/Reg2/ExtendedDataFromIDEX_reg[28]' (FD) to 'cpu/Reg2/ExtendedDataFromIDEX_reg[30]'
INFO: [Synth 8-3886] merging instance 'cpu/Reg2/ExtendedDataFromIDEX_reg[29]' (FD) to 'cpu/Reg2/ExtendedDataFromIDEX_reg[30]'
INFO: [Synth 8-3886] merging instance 'cpu/Reg2/ExtendedDataFromIDEX_reg[30]' (FD) to 'cpu/Reg2/ExtendedDataFromIDEX_reg[31]'
INFO: [Synth 8-3886] merging instance 'cpu/Reg2/InstructionFromIDEX_reg[4]' (FD) to 'cpu/Reg2/ExtendedDataFromIDEX_reg[4]'
INFO: [Synth 8-3886] merging instance 'cpu/Reg2/InstructionFromIDEX_reg[0]' (FD) to 'cpu/Reg2/ExtendedDataFromIDEX_reg[0]'
INFO: [Synth 8-3886] merging instance 'cpu/Reg2/InstructionFromIDEX_reg[3]' (FD) to 'cpu/Reg2/ExtendedDataFromIDEX_reg[3]'
INFO: [Synth 8-3886] merging instance 'cpu/Reg2/InstructionFromIDEX_reg[2]' (FD) to 'cpu/Reg2/ExtendedDataFromIDEX_reg[2]'
INFO: [Synth 8-3886] merging instance 'cpu/Reg2/InstructionFromIDEX_reg[1]' (FD) to 'cpu/Reg2/ExtendedDataFromIDEX_reg[1]'
INFO: [Synth 8-3886] merging instance 'cpu/Reg2/InstructionFromIDEX_reg[5]' (FD) to 'cpu/Reg2/ExtendedDataFromIDEX_reg[5]'
INFO: [Synth 8-3886] merging instance 'cpu/Reg3/StoreMemRead_reg' (FD_1) to 'cpu/Reg3/StoreMemToReg_reg'
INFO: [Synth 8-3886] merging instance 'cpu/Reg3/MemReadFromEXMEM_reg' (FD) to 'cpu/Reg3/MemToRegFromEXMEM_reg'
INFO: [Synth 8-3333] propagating constant 0 across sequential element (\cpu/Reg2/StoreALUSrc1_reg )
INFO: [Synth 8-3333] propagating constant 0 across sequential element (\cpu/Reg2/ALUSrc1FromIDEX_reg )
WARNING: [Synth 8-3332] Sequential element (cpu/Reg1/StoreAdd1Result_reg[31]) is unused and will be removed from module ToFPGA.
WARNING: [Synth 8-3332] Sequential element (cpu/Reg1/StoreAdd1Result_reg[30]) is unused and will be removed from module ToFPGA.
WARNING: [Synth 8-3332] Sequential element (cpu/Reg1/StoreAdd1Result_reg[29]) is unused and will be removed from module ToFPGA.
WARNING: [Synth 8-3332] Sequential element (cpu/Reg1/StoreAdd1Result_reg[28]) is unused and will be removed from module ToFPGA.
WARNING: [Synth 8-3332] Sequential element (cpu/Reg1/StoreAdd1Result_reg[27]) is unused and will be removed from module ToFPGA.
WARNING: [Synth 8-3332] Sequential element (cpu/Reg1/StoreAdd1Result_reg[26]) is unused and will be removed from module ToFPGA.
WARNING: [Synth 8-3332] Sequential element (cpu/Reg1/StoreAdd1Result_reg[25]) is unused and will be removed from module ToFPGA.
WARNING: [Synth 8-3332] Sequential element (cpu/Reg1/StoreAdd1Result_reg[24]) is unused and will be removed from module ToFPGA.
WARNING: [Synth 8-3332] Sequential element (cpu/Reg1/StoreAdd1Result_reg[23]) is unused and will be removed from module ToFPGA.
WARNING: [Synth 8-3332] Sequential element (cpu/Reg1/StoreAdd1Result_reg[22]) is unused and will be removed from module ToFPGA.
WARNING: [Synth 8-3332] Sequential element (cpu/Reg1/StoreAdd1Result_reg[21]) is unused and will be removed from module ToFPGA.
WARNING: [Synth 8-3332] Sequential element (cpu/Reg1/StoreAdd1Result_reg[20]) is unused and will be removed from module ToFPGA.
WARNING: [Synth 8-3332] Sequential element (cpu/Reg1/StoreAdd1Result_reg[19]) is unused and will be removed from module ToFPGA.
WARNING: [Synth 8-3332] Sequential element (cpu/Reg1/StoreAdd1Result_reg[18]) is unused and will be removed from module ToFPGA.
WARNING: [Synth 8-3332] Sequential element (cpu/Reg1/StoreAdd1Result_reg[17]) is unused and will be removed from module ToFPGA.
WARNING: [Synth 8-3332] Sequential element (cpu/Reg1/StoreAdd1Result_reg[16]) is unused and will be removed from module ToFPGA.
WARNING: [Synth 8-3332] Sequential element (cpu/Reg1/StoreAdd1Result_reg[15]) is unused and will be removed from module ToFPGA.
WARNING: [Synth 8-3332] Sequential element (cpu/Reg1/StoreAdd1Result_reg[14]) is unused and will be removed from module ToFPGA.
WARNING: [Synth 8-3332] Sequential element (cpu/Reg1/StoreAdd1Result_reg[13]) is unused and will be removed from module ToFPGA.
WARNING: [Synth 8-3332] Sequential element (cpu/Reg1/StoreAdd1Result_reg[12]) is unused and will be removed from module ToFPGA.
WARNING: [Synth 8-3332] Sequential element (cpu/Reg1/StoreAdd1Result_reg[11]) is unused and will be removed from module ToFPGA.
WARNING: [Synth 8-3332] Sequential element (cpu/Reg1/StoreAdd1Result_reg[10]) is unused and will be removed from module ToFPGA.
WARNING: [Synth 8-3332] Sequential element (cpu/Reg1/StoreAdd1Result_reg[9]) is unused and will be removed from module ToFPGA.
WARNING: [Synth 8-3332] Sequential element (cpu/Reg1/StoreAdd1Result_reg[8]) is unused and will be removed from module ToFPGA.
WARNING: [Synth 8-3332] Sequential element (cpu/ID_/control/ALUSrc1_reg) is unused and will be removed from module ToFPGA.
WARNING: [Synth 8-3332] Sequential element (cpu/Reg2/StoreJump_reg) is unused and will be removed from module ToFPGA.
WARNING: [Synth 8-3332] Sequential element (cpu/Reg2/StoreALUSrc1_reg) is unused and will be removed from module ToFPGA.
WARNING: [Synth 8-3332] Sequential element (cpu/Reg2/StoreAddress_reg[31]) is unused and will be removed from module ToFPGA.
WARNING: [Synth 8-3332] Sequential element (cpu/Reg2/StoreAddress_reg[30]) is unused and will be removed from module ToFPGA.
WARNING: [Synth 8-3332] Sequential element (cpu/Reg2/StoreAddress_reg[29]) is unused and will be removed from module ToFPGA.
WARNING: [Synth 8-3332] Sequential element (cpu/Reg2/StoreAddress_reg[28]) is unused and will be removed from module ToFPGA.
WARNING: [Synth 8-3332] Sequential element (cpu/Reg2/StoreAddress_reg[27]) is unused and will be removed from module ToFPGA.
WARNING: [Synth 8-3332] Sequential element (cpu/Reg2/StoreAddress_reg[26]) is unused and will be removed from module ToFPGA.
WARNING: [Synth 8-3332] Sequential element (cpu/Reg2/StoreAddress_reg[25]) is unused and will be removed from module ToFPGA.
WARNING: [Synth 8-3332] Sequential element (cpu/Reg2/StoreAddress_reg[24]) is unused and will be removed from module ToFPGA.
WARNING: [Synth 8-3332] Sequential element (cpu/Reg2/StoreAddress_reg[23]) is unused and will be removed from module ToFPGA.
WARNING: [Synth 8-3332] Sequential element (cpu/Reg2/StoreAddress_reg[22]) is unused and will be removed from module ToFPGA.
WARNING: [Synth 8-3332] Sequential element (cpu/Reg2/StoreAddress_reg[21]) is unused and will be removed from module ToFPGA.
WARNING: [Synth 8-3332] Sequential element (cpu/Reg2/StoreAddress_reg[20]) is unused and will be removed from module ToFPGA.
WARNING: [Synth 8-3332] Sequential element (cpu/Reg2/StoreAddress_reg[19]) is unused and will be removed from module ToFPGA.
WARNING: [Synth 8-3332] Sequential element (cpu/Reg2/StoreAddress_reg[18]) is unused and will be removed from module ToFPGA.
WARNING: [Synth 8-3332] Sequential element (cpu/Reg2/StoreAddress_reg[17]) is unused and will be removed from module ToFPGA.
WARNING: [Synth 8-3332] Sequential element (cpu/Reg2/StoreAddress_reg[16]) is unused and will be removed from module ToFPGA.
WARNING: [Synth 8-3332] Sequential element (cpu/Reg2/StoreAddress_reg[15]) is unused and will be removed from module ToFPGA.
WARNING: [Synth 8-3332] Sequential element (cpu/Reg2/StoreAddress_reg[14]) is unused and will be removed from module ToFPGA.
WARNING: [Synth 8-3332] Sequential element (cpu/Reg2/StoreAddress_reg[13]) is unused and will be removed from module ToFPGA.
WARNING: [Synth 8-3332] Sequential element (cpu/Reg2/StoreAddress_reg[12]) is unused and will be removed from module ToFPGA.
WARNING: [Synth 8-3332] Sequential element (cpu/Reg2/StoreAddress_reg[11]) is unused and will be removed from module ToFPGA.
WARNING: [Synth 8-3332] Sequential element (cpu/Reg2/StoreAddress_reg[10]) is unused and will be removed from module ToFPGA.
WARNING: [Synth 8-3332] Sequential element (cpu/Reg2/StoreAddress_reg[9]) is unused and will be removed from module ToFPGA.
WARNING: [Synth 8-3332] Sequential element (cpu/Reg2/StoreAddress_reg[8]) is unused and will be removed from module ToFPGA.
WARNING: [Synth 8-3332] Sequential element (cpu/Reg2/StoreInstruction_reg[25]) is unused and will be removed from module ToFPGA.
WARNING: [Synth 8-3332] Sequential element (cpu/Reg2/StoreInstruction_reg[24]) is unused and will be removed from module ToFPGA.
WARNING: [Synth 8-3332] Sequential element (cpu/Reg2/StoreInstruction_reg[23]) is unused and will be removed from module ToFPGA.
WARNING: [Synth 8-3332] Sequential element (cpu/Reg2/StoreInstruction_reg[22]) is unused and will be removed from module ToFPGA.
WARNING: [Synth 8-3332] Sequential element (cpu/Reg2/StoreInstruction_reg[21]) is unused and will be removed from module ToFPGA.
WARNING: [Synth 8-3332] Sequential element (cpu/Reg3/StoreJump_reg) is unused and will be removed from module ToFPGA.
WARNING: [Synth 8-3332] Sequential element (cpu/Reg3/StoreResultFromAdd2_reg[31]) is unused and will be removed from module ToFPGA.
WARNING: [Synth 8-3332] Sequential element (cpu/Reg3/StoreResultFromAdd2_reg[30]) is unused and will be removed from module ToFPGA.
WARNING: [Synth 8-3332] Sequential element (cpu/Reg3/StoreResultFromAdd2_reg[29]) is unused and will be removed from module ToFPGA.
WARNING: [Synth 8-3332] Sequential element (cpu/Reg3/StoreResultFromAdd2_reg[28]) is unused and will be removed from module ToFPGA.
WARNING: [Synth 8-3332] Sequential element (cpu/Reg3/StoreResultFromAdd2_reg[27]) is unused and will be removed from module ToFPGA.
WARNING: [Synth 8-3332] Sequential element (cpu/Reg3/StoreResultFromAdd2_reg[26]) is unused and will be removed from module ToFPGA.
WARNING: [Synth 8-3332] Sequential element (cpu/Reg3/StoreResultFromAdd2_reg[25]) is unused and will be removed from module ToFPGA.
WARNING: [Synth 8-3332] Sequential element (cpu/Reg3/StoreResultFromAdd2_reg[24]) is unused and will be removed from module ToFPGA.
WARNING: [Synth 8-3332] Sequential element (cpu/Reg3/StoreResultFromAdd2_reg[23]) is unused and will be removed from module ToFPGA.
WARNING: [Synth 8-3332] Sequential element (cpu/Reg3/StoreResultFromAdd2_reg[22]) is unused and will be removed from module ToFPGA.
WARNING: [Synth 8-3332] Sequential element (cpu/Reg3/StoreResultFromAdd2_reg[21]) is unused and will be removed from module ToFPGA.
WARNING: [Synth 8-3332] Sequential element (cpu/Reg3/StoreResultFromAdd2_reg[20]) is unused and will be removed from module ToFPGA.
WARNING: [Synth 8-3332] Sequential element (cpu/Reg3/StoreResultFromAdd2_reg[19]) is unused and will be removed from module ToFPGA.
WARNING: [Synth 8-3332] Sequential element (cpu/Reg3/StoreResultFromAdd2_reg[18]) is unused and will be removed from module ToFPGA.
WARNING: [Synth 8-3332] Sequential element (cpu/Reg3/StoreResultFromAdd2_reg[17]) is unused and will be removed from module ToFPGA.
WARNING: [Synth 8-3332] Sequential element (cpu/Reg3/StoreResultFromAdd2_reg[16]) is unused and will be removed from module ToFPGA.
WARNING: [Synth 8-3332] Sequential element (cpu/Reg3/StoreResultFromAdd2_reg[15]) is unused and will be removed from module ToFPGA.
WARNING: [Synth 8-3332] Sequential element (cpu/Reg3/StoreResultFromAdd2_reg[14]) is unused and will be removed from module ToFPGA.
WARNING: [Synth 8-3332] Sequential element (cpu/Reg3/StoreResultFromAdd2_reg[13]) is unused and will be removed from module ToFPGA.
WARNING: [Synth 8-3332] Sequential element (cpu/Reg3/StoreResultFromAdd2_reg[12]) is unused and will be removed from module ToFPGA.
WARNING: [Synth 8-3332] Sequential element (cpu/Reg3/StoreResultFromAdd2_reg[11]) is unused and will be removed from module ToFPGA.
WARNING: [Synth 8-3332] Sequential element (cpu/Reg3/StoreResultFromAdd2_reg[10]) is unused and will be removed from module ToFPGA.
WARNING: [Synth 8-3332] Sequential element (cpu/Reg3/StoreResultFromAdd2_reg[9]) is unused and will be removed from module ToFPGA.
WARNING: [Synth 8-3332] Sequential element (cpu/Reg3/StoreResultFromAdd2_reg[8]) is unused and will be removed from module ToFPGA.
WARNING: [Synth 8-3332] Sequential element (cpu/Reg3/ResultFromAdd2FromEXMEM_reg[31]) is unused and will be removed from module ToFPGA.
WARNING: [Synth 8-3332] Sequential element (cpu/Reg3/ResultFromAdd2FromEXMEM_reg[30]) is unused and will be removed from module ToFPGA.
WARNING: [Synth 8-3332] Sequential element (cpu/Reg3/ResultFromAdd2FromEXMEM_reg[29]) is unused and will be removed from module ToFPGA.
WARNING: [Synth 8-3332] Sequential element (cpu/Reg3/ResultFromAdd2FromEXMEM_reg[28]) is unused and will be removed from module ToFPGA.
WARNING: [Synth 8-3332] Sequential element (cpu/Reg3/ResultFromAdd2FromEXMEM_reg[27]) is unused and will be removed from module ToFPGA.
WARNING: [Synth 8-3332] Sequential element (cpu/Reg3/ResultFromAdd2FromEXMEM_reg[26]) is unused and will be removed from module ToFPGA.
WARNING: [Synth 8-3332] Sequential element (cpu/Reg3/ResultFromAdd2FromEXMEM_reg[25]) is unused and will be removed from module ToFPGA.
WARNING: [Synth 8-3332] Sequential element (cpu/Reg3/ResultFromAdd2FromEXMEM_reg[24]) is unused and will be removed from module ToFPGA.
WARNING: [Synth 8-3332] Sequential element (cpu/Reg3/ResultFromAdd2FromEXMEM_reg[23]) is unused and will be removed from module ToFPGA.
WARNING: [Synth 8-3332] Sequential element (cpu/Reg3/ResultFromAdd2FromEXMEM_reg[22]) is unused and will be removed from module ToFPGA.
WARNING: [Synth 8-3332] Sequential element (cpu/Reg3/ResultFromAdd2FromEXMEM_reg[21]) is unused and will be removed from module ToFPGA.
WARNING: [Synth 8-3332] Sequential element (cpu/Reg3/ResultFromAdd2FromEXMEM_reg[20]) is unused and will be removed from module ToFPGA.
WARNING: [Synth 8-3332] Sequential element (cpu/Reg3/ResultFromAdd2FromEXMEM_reg[19]) is unused and will be removed from module ToFPGA.
WARNING: [Synth 8-3332] Sequential element (cpu/Reg3/ResultFromAdd2FromEXMEM_reg[18]) is unused and will be removed from module ToFPGA.
WARNING: [Synth 8-3332] Sequential element (cpu/Reg3/ResultFromAdd2FromEXMEM_reg[17]) is unused and will be removed from module ToFPGA.
WARNING: [Synth 8-3332] Sequential element (cpu/Reg3/ResultFromAdd2FromEXMEM_reg[16]) is unused and will be removed from module ToFPGA.
WARNING: [Synth 8-3332] Sequential element (cpu/Reg3/ResultFromAdd2FromEXMEM_reg[15]) is unused and will be removed from module ToFPGA.
WARNING: [Synth 8-3332] Sequential element (cpu/Reg3/ResultFromAdd2FromEXMEM_reg[14]) is unused and will be removed from module ToFPGA.
WARNING: [Synth 8-3332] Sequential element (cpu/Reg3/ResultFromAdd2FromEXMEM_reg[13]) is unused and will be removed from module ToFPGA.
INFO: [Common 17-14] Message 'Synth 8-3332' appears 100 times and further instances of the messages will be disabled. Use the Tcl command set_msg_config to change the current settings.
---------------------------------------------------------------------------------
Finished Cross Boundary and Area Optimization : Time (s): cpu = 00:02:00 ; elapsed = 00:02:32 . Memory (MB): peak = 740.008 ; gain = 496.543
---------------------------------------------------------------------------------
---------------------------------------------------------------------------------
Start ROM, RAM, DSP and Shift Register Reporting
---------------------------------------------------------------------------------

Distributed RAM: Preliminary Mapping  Report (see note below)
+------------+---------------------------------+-----------+----------------------+---------------+
|Module Name | RTL Object                      | Inference | Size (Depth x Width) | Primitives    | 
+------------+---------------------------------+-----------+----------------------+---------------+
|ToFPGA      | cpu/ID_/registers/Registers_reg | Implied   | 32 x 32              | RAM32M x 12   | 
+------------+---------------------------------+-----------+----------------------+---------------+

Note: The table above is a preliminary report that shows the Distributed RAMs at the current stage of the synthesis flow. Some Distributed RAMs may be reimplemented as non Distributed RAM primitives later in the synthesis flow. Multiple instantiated RAMs are reported only once.
---------------------------------------------------------------------------------
Finished ROM, RAM, DSP and Shift Register Reporting
---------------------------------------------------------------------------------

Report RTL Partitions: 
+-+--------------+------------+----------+
| |RTL Partition |Replication |Instances |
+-+--------------+------------+----------+
+-+--------------+------------+----------+
---------------------------------------------------------------------------------
Start Applying XDC Timing Constraints
---------------------------------------------------------------------------------
---------------------------------------------------------------------------------
Finished Applying XDC Timing Constraints : Time (s): cpu = 00:02:29 ; elapsed = 00:03:04 . Memory (MB): peak = 761.691 ; gain = 518.227
---------------------------------------------------------------------------------
---------------------------------------------------------------------------------
Start Timing Optimization
---------------------------------------------------------------------------------
---------------------------------------------------------------------------------
Finished Timing Optimization : Time (s): cpu = 00:02:30 ; elapsed = 00:03:05 . Memory (MB): peak = 763.801 ; gain = 520.336
---------------------------------------------------------------------------------
---------------------------------------------------------------------------------
Start ROM, RAM, DSP and Shift Register Reporting
---------------------------------------------------------------------------------

Distributed RAM: Final Mapping  Report
+------------+---------------------------------+-----------+----------------------+---------------+
|Module Name | RTL Object                      | Inference | Size (Depth x Width) | Primitives    | 
+------------+---------------------------------+-----------+----------------------+---------------+
|ToFPGA      | cpu/ID_/registers/Registers_reg | Implied   | 32 x 32              | RAM32M x 12   | 
+------------+---------------------------------+-----------+----------------------+---------------+

---------------------------------------------------------------------------------
Finished ROM, RAM, DSP and Shift Register Reporting
---------------------------------------------------------------------------------

Report RTL Partitions: 
+-+--------------+------------+----------+
| |RTL Partition |Replication |Instances |
+-+--------------+------------+----------+
+-+--------------+------------+----------+
---------------------------------------------------------------------------------
Start Technology Mapping
---------------------------------------------------------------------------------
INFO: [Synth 8-3886] merging instance 'cpu/Reg1/StoreInstruction_reg[8]' (FD_1) to 'cpu/Reg1/StoreInstruction_reg[10]'
INFO: [Synth 8-3886] merging instance 'cpu/Reg1/StoreInstruction_reg[24]' (FD_1) to 'cpu/Reg1/StoreInstruction_reg[26]'
INFO: [Synth 8-3886] merging instance 'cpu/Reg1/InstructionFromIFID_reg[8]' (FD) to 'cpu/Reg1/InstructionFromIFID_reg[10]'
INFO: [Synth 8-3886] merging instance 'cpu/Reg1/InstructionFromIFID_reg[24]' (FD) to 'cpu/Reg1/InstructionFromIFID_reg[26]'
INFO: [Synth 8-3886] merging instance 'cpu/Reg2/StoreExtendedData_reg[8]' (FD_1) to 'cpu/Reg2/StoreInstruction_reg[10]'
INFO: [Synth 8-3886] merging instance 'cpu/Reg2/ExtendedDataFromIDEX_reg[8]' (FD) to 'cpu/Reg2/InstructionFromIDEX_reg[10]'
---------------------------------------------------------------------------------
Finished Technology Mapping : Time (s): cpu = 00:02:36 ; elapsed = 00:03:13 . Memory (MB): peak = 823.316 ; gain = 579.852
---------------------------------------------------------------------------------

Report RTL Partitions: 
+-+--------------+------------+----------+
| |RTL Partition |Replication |Instances |
+-+--------------+------------+----------+
+-+--------------+------------+----------+
---------------------------------------------------------------------------------
Start IO Insertion
---------------------------------------------------------------------------------
---------------------------------------------------------------------------------
Start Flattening Before IO Insertion
---------------------------------------------------------------------------------
---------------------------------------------------------------------------------
Finished Flattening Before IO Insertion
---------------------------------------------------------------------------------
---------------------------------------------------------------------------------
Start Final Netlist Cleanup
---------------------------------------------------------------------------------
---------------------------------------------------------------------------------
Finished Final Netlist Cleanup
---------------------------------------------------------------------------------
---------------------------------------------------------------------------------
Finished IO Insertion : Time (s): cpu = 00:02:40 ; elapsed = 00:03:18 . Memory (MB): peak = 823.316 ; gain = 579.852
---------------------------------------------------------------------------------

Report Check Netlist: 
+------+------------------+-------+---------+-------+------------------+
|      |Item              |Errors |Warnings |Status |Description       |
+------+------------------+-------+---------+-------+------------------+
|1     |multi_driven_nets |      0|        0|Passed |Multi driven nets |
+------+------------------+-------+---------+-------+------------------+
---------------------------------------------------------------------------------
Start Renaming Generated Instances
---------------------------------------------------------------------------------
---------------------------------------------------------------------------------
Finished Renaming Generated Instances : Time (s): cpu = 00:02:40 ; elapsed = 00:03:18 . Memory (MB): peak = 823.316 ; gain = 579.852
---------------------------------------------------------------------------------

Report RTL Partitions: 
+-+--------------+------------+----------+
| |RTL Partition |Replication |Instances |
+-+--------------+------------+----------+
+-+--------------+------------+----------+
---------------------------------------------------------------------------------
Start Rebuilding User Hierarchy
---------------------------------------------------------------------------------
---------------------------------------------------------------------------------
Finished Rebuilding User Hierarchy : Time (s): cpu = 00:02:41 ; elapsed = 00:03:19 . Memory (MB): peak = 823.316 ; gain = 579.852
---------------------------------------------------------------------------------
---------------------------------------------------------------------------------
Start Renaming Generated Ports
---------------------------------------------------------------------------------
---------------------------------------------------------------------------------
Finished Renaming Generated Ports : Time (s): cpu = 00:02:41 ; elapsed = 00:03:19 . Memory (MB): peak = 823.316 ; gain = 579.852
---------------------------------------------------------------------------------
---------------------------------------------------------------------------------
Start Handling Custom Attributes
---------------------------------------------------------------------------------
---------------------------------------------------------------------------------
Finished Handling Custom Attributes : Time (s): cpu = 00:02:41 ; elapsed = 00:03:19 . Memory (MB): peak = 823.316 ; gain = 579.852
---------------------------------------------------------------------------------
---------------------------------------------------------------------------------
Start Renaming Generated Nets
---------------------------------------------------------------------------------
---------------------------------------------------------------------------------
Finished Renaming Generated Nets : Time (s): cpu = 00:02:42 ; elapsed = 00:03:19 . Memory (MB): peak = 823.316 ; gain = 579.852
---------------------------------------------------------------------------------
---------------------------------------------------------------------------------
Start Writing Synthesis Report
---------------------------------------------------------------------------------

Report BlackBoxes: 
+-+--------------+----------+
| |BlackBox name |Instances |
+-+--------------+----------+
+-+--------------+----------+

Report Cell Usage: 
+------+-------+------+
|      |Cell   |Count |
+------+-------+------+
|1     |BUFG   |     4|
|2     |CARRY4 |    24|
|3     |LUT1   |     4|
|4     |LUT2   |    58|
|5     |LUT3   |    98|
|6     |LUT4   |    87|
|7     |LUT5   |   208|
|8     |LUT6   |   990|
|9     |MUXF7  |   226|
|10    |MUXF8  |    96|
|11    |RAM32M |    12|
|12    |FDCE   |     1|
|13    |FDPE   |     6|
|14    |FDRE   |  1157|
|15    |LD     |    64|
|16    |LDC    |     3|
|17    |LDCP   |     2|
|18    |LDP    |     2|
|19    |IBUF   |     3|
|20    |OBUF   |    28|
+------+-------+------+

Report Instance Areas: 
+------+-----------------+-----------+------+
|      |Instance         |Module     |Cells |
+------+-----------------+-----------+------+
|1     |top              |           |  3073|
|2     |  cpu            |CPU        |  2966|
|3     |    MEM_         |MEM        |  1464|
|4     |      datamemory |DataMemory |  1464|
|5     |    EX_          |EX         |    54|
|6     |      add2       |Add2       |     2|
|7     |      alu        |ALU        |    52|
|8     |    ID_          |ID         |    23|
|9     |      control    |Control    |    11|
|10    |      registers  |Registers  |    12|
|11    |    IF_          |IF         |    53|
|12    |      pc         |PC         |    53|
|13    |    Reg1         |RegIFID    |    77|
|14    |    Reg2         |RegIDEX    |   320|
|15    |    Reg3         |RegEXMEM   |   785|
|16    |    Reg4         |RegMEMWB   |   190|
|17    |  light          |Light      |    71|
+------+-----------------+-----------+------+
---------------------------------------------------------------------------------
Finished Writing Synthesis Report : Time (s): cpu = 00:02:42 ; elapsed = 00:03:19 . Memory (MB): peak = 823.316 ; gain = 579.852
---------------------------------------------------------------------------------
Synthesis finished with 0 errors, 0 critical warnings and 242 warnings.
Synthesis Optimization Runtime : Time (s): cpu = 00:01:37 ; elapsed = 00:02:33 . Memory (MB): peak = 823.316 ; gain = 242.453
Synthesis Optimization Complete : Time (s): cpu = 00:02:42 ; elapsed = 00:03:20 . Memory (MB): peak = 823.316 ; gain = 579.852
INFO: [Project 1-571] Translating synthesized netlist
INFO: [Netlist 29-17] Analyzing 432 Unisim elements for replacement
INFO: [Netlist 29-28] Unisim Transformation completed in 0 CPU seconds
INFO: [Project 1-570] Preparing netlist for logic optimization
INFO: [Opt 31-138] Pushed 2 inverter(s) to 44 load pin(s).
INFO: [Project 1-111] Unisim Transformation Summary:
  A total of 83 instances were transformed.
  LD => LDCE: 32 instances
  LD => LDCE (inverted pins: G): 32 instances
  LDC => LDCE: 3 instances
  LDCP => LDCP (GND, LUT3, LUT3, LDCE, VCC): 2 instances
  LDP => LDPE: 2 instances
  RAM32M => RAM32M (inverted pins: WCLK) (RAMD32, RAMD32, RAMD32, RAMD32, RAMD32, RAMD32, RAMS32, RAMS32): 12 instances

INFO: [Common 17-83] Releasing license: Synthesis
179 Infos, 216 Warnings, 1 Critical Warnings and 0 Errors encountered.
synth_design completed successfully
synth_design: Time (s): cpu = 00:02:53 ; elapsed = 00:03:38 . Memory (MB): peak = 823.316 ; gain = 592.988
INFO: [Common 17-1381] The checkpoint 'C:/Users/17727/Desktop/VivadoArea/MultiCycleCPU/MultiCycleCPU.runs/synth_1/ToFPGA.dcp' has been generated.
INFO: [runtcl-4] Executing : report_utilization -file ToFPGA_utilization_synth.rpt -pb ToFPGA_utilization_synth.pb
report_utilization: Time (s): cpu = 00:00:01 ; elapsed = 00:00:00.329 . Memory (MB): peak = 823.316 ; gain = 0.000
INFO: [Common 17-206] Exiting Vivado at Fri Dec 18 21:12:28 2020...
